TN:
SF:/root/manta-garbage-collector/lib/moray_delete_record_reader.js
FN:23,MorayDeleteRecordReader
FN:88,_get_moray_client
FN:96,_get_moray_cfg
FN:104,_get_bucket_cfg
FN:110,(anonymous_5)
FN:118,_get_batch_size
FN:126,_get_delay
FN:134,_get_offset
FN:142,_get_and_set_offset
FN:154,_reset_offset
FN:163,_get_sort_attr
FN:172,_get_sort_order
FN:181,_is_allowed_creator
FN:198,_get_collector
FN:207,_update_empty_backoff
FN:222,_reset_empty_backoff
FN:231,_find_objects
FN:269,state_running
FN:283,(anonymous_19)
FN:298,check_cancelled
FN:307,(anonymous_21)
FN:321,(anonymous_22)
FN:334,(anonymous_23)
FN:380,(anonymous_24)
FN:384,(anonymous_25)
FN:387,(anonymous_26)
FN:396,state_paused
FN:400,(anonymous_28)
FN:403,(anonymous_29)
FN:406,(anonymous_30)
FN:414,state_waiting
FN:444,(anonymous_32)
FN:448,(anonymous_33)
FN:452,(anonymous_34)
FN:459,state_error
FN:470,(anonymous_36)
FN:476,(anonymous_37)
FN:481,(anonymous_38)
FN:486,(anonymous_39)
FN:493,state_shutdown
FN:499,(anonymous_41)
FN:505,describe
FNF:42
FNH:31
FNDA:9,MorayDeleteRecordReader
FNDA:56,_get_moray_client
FNDA:162,_get_moray_cfg
FNDA:70,_get_bucket_cfg
FNDA:70,(anonymous_5)
FNDA:24,_get_batch_size
FNDA:20,_get_delay
FNDA:5,_get_offset
FNDA:24,_get_and_set_offset
FNDA:17,_reset_offset
FNDA:24,_get_sort_attr
FNDA:24,_get_sort_order
FNDA:396,_is_allowed_creator
FNDA:0,_get_collector
FNDA:15,_update_empty_backoff
FNDA:4,_reset_empty_backoff
FNDA:24,_find_objects
FNDA:32,state_running
FNDA:8,(anonymous_19)
FNDA:29,check_cancelled
FNDA:396,(anonymous_21)
FNDA:0,(anonymous_22)
FNDA:21,(anonymous_23)
FNDA:4,(anonymous_24)
FNDA:0,(anonymous_25)
FNDA:2,(anonymous_26)
FNDA:4,state_paused
FNDA:4,(anonymous_28)
FNDA:0,(anonymous_29)
FNDA:0,(anonymous_30)
FNDA:15,state_waiting
FNDA:12,(anonymous_32)
FNDA:0,(anonymous_33)
FNDA:0,(anonymous_34)
FNDA:8,state_error
FNDA:7,(anonymous_36)
FNDA:0,(anonymous_37)
FNDA:0,(anonymous_38)
FNDA:0,(anonymous_39)
FNDA:2,state_shutdown
FNDA:0,(anonymous_41)
FNDA:2,describe
DA:16,11
DA:17,11
DA:18,11
DA:21,11
DA:23,11
DA:26,9
DA:28,9
DA:29,9
DA:30,9
DA:31,9
DA:32,9
DA:33,9
DA:35,9
DA:36,9
DA:39,9
DA:40,9
DA:45,9
DA:46,9
DA:52,9
DA:60,9
DA:61,9
DA:62,9
DA:70,9
DA:71,9
DA:77,9
DA:79,9
DA:81,11
DA:88,11
DA:91,56
DA:92,56
DA:96,11
DA:99,162
DA:100,162
DA:104,11
DA:107,70
DA:109,70
DA:111,70
DA:114,70
DA:118,11
DA:121,24
DA:122,24
DA:126,11
DA:129,20
DA:130,20
DA:134,11
DA:137,5
DA:138,5
DA:142,11
DA:145,24
DA:147,24
DA:148,24
DA:150,24
DA:154,11
DA:157,17
DA:159,17
DA:163,11
DA:166,24
DA:168,24
DA:172,11
DA:175,24
DA:177,24
DA:181,11
DA:184,396
DA:186,396
DA:188,396
DA:189,396
DA:190,23
DA:194,373
DA:198,11
DA:201,0
DA:203,0
DA:207,11
DA:210,15
DA:212,15
DA:213,7
DA:214,7
DA:217,8
DA:222,11
DA:225,4
DA:227,4
DA:231,11
DA:233,24
DA:234,24
DA:240,24
DA:242,24
DA:243,24
DA:245,24
DA:254,24
DA:262,24
DA:264,24
DA:269,11
DA:272,32
DA:278,32
DA:279,8
DA:283,8
DA:284,8
DA:285,0
DA:287,8
DA:289,8
DA:292,24
DA:293,24
DA:295,24
DA:296,24
DA:298,11
DA:299,29
DA:300,2
DA:301,27
DA:302,4
DA:304,29
DA:307,24
DA:313,396
DA:315,396
DA:316,23
DA:317,23
DA:321,24
DA:322,0
DA:328,0
DA:329,0
DA:331,0
DA:334,24
DA:335,21
DA:341,17
DA:342,15
DA:345,17
DA:347,4
DA:354,4
DA:356,4
DA:357,0
DA:370,21
DA:372,21
DA:374,21
DA:375,6
DA:377,15
DA:380,24
DA:381,4
DA:382,4
DA:384,24
DA:385,0
DA:387,24
DA:388,2
DA:389,2
DA:392,24
DA:396,11
DA:398,4
DA:400,4
DA:401,4
DA:403,4
DA:404,0
DA:406,4
DA:407,0
DA:410,4
DA:414,11
DA:417,15
DA:419,15
DA:421,5
DA:430,5
DA:432,5
DA:433,1
DA:440,15
DA:441,4
DA:444,15
DA:445,12
DA:448,15
DA:449,0
DA:450,0
DA:452,15
DA:453,0
DA:454,0
DA:459,11
DA:462,8
DA:464,8
DA:470,8
DA:471,7
DA:473,7
DA:476,8
DA:477,0
DA:478,0
DA:481,8
DA:482,0
DA:483,0
DA:486,8
DA:487,0
DA:488,0
DA:493,11
DA:496,2
DA:497,2
DA:499,2
DA:500,0
DA:505,11
DA:508,2
DA:510,2
DA:516,2
DA:520,11
LF:193
LH:171
BRDA:189,1,0,23
BRDA:189,1,1,373
BRDA:212,2,0,7
BRDA:212,2,1,8
BRDA:278,3,0,8
BRDA:278,3,1,24
BRDA:284,4,0,0
BRDA:284,4,1,8
BRDA:299,5,0,2
BRDA:299,5,1,27
BRDA:301,6,0,4
BRDA:301,6,1,23
BRDA:304,7,0,29
BRDA:304,7,1,27
BRDA:313,8,0,396
BRDA:313,8,1,0
BRDA:315,9,0,23
BRDA:315,9,1,373
BRDA:328,10,0,0
BRDA:328,10,1,0
BRDA:335,11,0,17
BRDA:335,11,1,4
BRDA:341,12,0,15
BRDA:341,12,1,2
BRDA:356,13,0,0
BRDA:356,13,1,4
BRDA:374,14,0,6
BRDA:374,14,1,15
BRDA:419,15,0,5
BRDA:419,15,1,10
BRDA:419,16,0,15
BRDA:419,16,1,11
BRDA:432,17,0,1
BRDA:432,17,1,4
BRDA:440,18,0,4
BRDA:440,18,1,11
BRF:36
BRH:31
end_of_record
TN:
SF:/root/manta-garbage-collector/lib/moray_delete_record_cleaner.js
FN:22,MorayDeleteRecordCleaner
FN:56,_get_moray_client
FN:65,_get_moray_cfg
FN:74,_get_batch_size
FN:83,_get_delay
FN:92,_get_collector
FN:101,_get_cache_capactiy
FN:109,_decr_cache_counts
FN:123,_incr_cache_counts
FN:137,_get_total_cache_entries
FN:145,_batch_delete
FN:163,(anonymous_12)
FN:179,(anonymous_13)
FN:193,(anonymous_14)
FN:219,(anonymous_15)
FN:229,_start_periodic_batch_deletes
FN:240,schedule_tick
FN:244,tick_cancelled
FN:248,tick
FN:262,(anonymous_20)
FN:278,_stop_periodic_batch_deletes
FN:287,_handle_cleanup_request
FN:322,state_init
FN:329,(anonymous_24)
FN:332,(anonymous_25)
FN:335,(anonymous_26)
FN:347,state_running
FN:354,(anonymous_28)
FN:358,(anonymous_29)
FN:362,(anonymous_30)
FN:366,(anonymous_31)
FN:374,state_paused
FN:381,(anonymous_33)
FN:385,(anonymous_34)
FN:386,(anonymous_35)
FN:391,(anonymous_36)
FN:395,(anonymous_37)
FN:403,state_error
FN:413,(anonymous_39)
FN:419,(anonymous_40)
FN:425,(anonymous_41)
FN:431,(anonymous_42)
FN:438,state_shutdown
FN:445,(anonymous_44)
FN:454,describe
FNF:45
FNH:35
FNDA:9,MorayDeleteRecordCleaner
FNDA:9,_get_moray_client
FNDA:114,_get_moray_cfg
FNDA:36,_get_batch_size
FNDA:78,_get_delay
FNDA:0,_get_collector
FNDA:36,_get_cache_capactiy
FNDA:6,_decr_cache_counts
FNDA:36,_incr_cache_counts
FNDA:36,_get_total_cache_entries
FNDA:9,_batch_delete
FNDA:9,(anonymous_12)
FNDA:36,(anonymous_13)
FNDA:6,(anonymous_14)
FNDA:36,(anonymous_15)
FNDA:18,_start_periodic_batch_deletes
FNDA:47,schedule_tick
FNDA:36,tick_cancelled
FNDA:36,tick
FNDA:7,(anonymous_20)
FNDA:11,_stop_periodic_batch_deletes
FNDA:36,_handle_cleanup_request
FNDA:9,state_init
FNDA:9,(anonymous_24)
FNDA:36,(anonymous_25)
FNDA:9,(anonymous_26)
FNDA:18,state_running
FNDA:4,(anonymous_28)
FNDA:0,(anonymous_29)
FNDA:2,(anonymous_30)
FNDA:5,(anonymous_31)
FNDA:4,state_paused
FNDA:4,(anonymous_33)
FNDA:0,(anonymous_34)
FNDA:0,(anonymous_35)
FNDA:0,(anonymous_36)
FNDA:0,(anonymous_37)
FNDA:5,state_error
FNDA:5,(anonymous_39)
FNDA:0,(anonymous_40)
FNDA:0,(anonymous_41)
FNDA:0,(anonymous_42)
FNDA:2,state_shutdown
FNDA:0,(anonymous_44)
FNDA:2,describe
DA:11,11
DA:12,11
DA:13,11
DA:14,11
DA:15,11
DA:16,11
DA:19,11
DA:22,11
DA:25,9
DA:27,9
DA:28,9
DA:29,9
DA:30,9
DA:31,9
DA:33,9
DA:34,9
DA:35,9
DA:36,9
DA:37,9
DA:39,9
DA:40,9
DA:41,9
DA:42,9
DA:44,9
DA:45,9
DA:47,9
DA:51,9
DA:53,11
DA:56,11
DA:59,9
DA:61,9
DA:65,11
DA:68,114
DA:70,114
DA:74,11
DA:77,36
DA:79,36
DA:83,11
DA:86,78
DA:88,78
DA:92,11
DA:95,0
DA:97,0
DA:101,11
DA:104,36
DA:105,36
DA:109,11
DA:112,6
DA:113,6
DA:114,6
DA:116,6
DA:117,0
DA:123,11
DA:126,36
DA:127,36
DA:128,36
DA:130,36
DA:131,0
DA:137,11
DA:140,36
DA:141,36
DA:145,11
DA:148,9
DA:155,9
DA:156,0
DA:157,0
DA:158,0
DA:161,9
DA:163,9
DA:164,9
DA:165,4
DA:167,9
DA:168,9
DA:171,9
DA:172,9
DA:174,9
DA:175,3
DA:176,3
DA:179,6
DA:180,36
DA:187,6
DA:188,0
DA:189,0
DA:190,0
DA:193,6
DA:194,6
DA:195,2
DA:203,4
DA:209,4
DA:210,0
DA:219,6
DA:220,36
DA:222,6
DA:224,6
DA:229,11
DA:232,18
DA:234,18
DA:235,0
DA:238,18
DA:240,11
DA:241,47
DA:244,11
DA:245,36
DA:248,11
DA:249,36
DA:250,7
DA:252,29
DA:253,2
DA:257,2
DA:258,2
DA:261,27
DA:262,7
DA:263,7
DA:264,3
DA:265,3
DA:267,7
DA:269,7
DA:271,20
DA:274,18
DA:278,11
DA:281,11
DA:283,11
DA:287,11
DA:290,36
DA:291,36
DA:292,0
DA:295,0
DA:296,0
DA:299,36
DA:300,0
DA:305,0
DA:306,0
DA:309,36
DA:310,36
DA:312,36
DA:314,2
DA:315,2
DA:318,34
DA:322,11
DA:325,9
DA:327,9
DA:329,9
DA:330,9
DA:333,36
DA:336,9
DA:337,2
DA:338,2
DA:339,2
DA:341,7
DA:347,11
DA:350,18
DA:352,18
DA:354,18
DA:355,4
DA:358,18
DA:359,0
DA:362,18
DA:363,2
DA:366,18
DA:367,5
DA:370,18
DA:374,11
DA:377,4
DA:379,4
DA:381,4
DA:382,4
DA:385,4
DA:386,0
DA:387,0
DA:391,4
DA:392,0
DA:395,4
DA:396,0
DA:399,4
DA:403,11
DA:406,5
DA:408,5
DA:410,5
DA:413,5
DA:414,5
DA:416,5
DA:419,5
DA:420,0
DA:421,0
DA:422,0
DA:425,5
DA:426,0
DA:427,0
DA:428,0
DA:431,5
DA:432,0
DA:433,0
DA:438,11
DA:441,2
DA:443,2
DA:445,2
DA:446,0
DA:450,2
DA:454,11
DA:457,2
DA:459,2
DA:465,2
DA:468,11
LF:203
LH:171
BRDA:116,1,0,0
BRDA:116,1,1,6
BRDA:130,2,0,0
BRDA:130,2,1,36
BRDA:155,3,0,0
BRDA:155,3,1,9
BRDA:164,4,0,4
BRDA:164,4,1,5
BRDA:174,5,0,3
BRDA:174,5,1,6
BRDA:187,6,0,0
BRDA:187,6,1,6
BRDA:194,7,0,2
BRDA:194,7,1,4
BRDA:209,8,0,0
BRDA:209,8,1,4
BRDA:234,9,0,0
BRDA:234,9,1,18
BRDA:249,10,0,7
BRDA:249,10,1,29
BRDA:252,11,0,2
BRDA:252,11,1,27
BRDA:261,12,0,7
BRDA:261,12,1,20
BRDA:263,13,0,3
BRDA:263,13,1,4
BRDA:291,14,0,0
BRDA:291,14,1,36
BRDA:299,15,0,0
BRDA:299,15,1,36
BRDA:312,16,0,2
BRDA:312,16,1,34
BRDA:312,17,0,36
BRDA:312,17,1,36
BRDA:331,18,0,9
BRDA:331,18,1,0
BRDA:336,19,0,2
BRDA:336,19,1,7
BRF:38
BRH:29
end_of_record
TN:
SF:/root/manta-garbage-collector/lib/mako_instruction_uploader.js
FN:24,MakoInstructionUploader
FN:46,_get_mako_cfg
FN:55,_get_instr_path_prefix
FN:64,_get_instance
FN:73,_get_manta_client
FN:82,_get_collector
FN:91,_get_manta_instruction_path
FN:126,_format_object_lines
FN:129,(anonymous_9)
FN:135,_listen_for_instructions
FN:140,(anonymous_11)
FN:147,(anonymous_12)
FN:173,(anonymous_13)
FN:205,(anonymous_14)
FN:225,_stop_listening_for_instructions
FN:234,state_running
FN:241,(anonymous_17)
FN:246,(anonymous_18)
FN:250,(anonymous_19)
FN:259,state_paused
FN:266,(anonymous_21)
FN:270,(anonymous_22)
FN:274,(anonymous_23)
FN:282,state_shutdown
FN:288,(anonymous_25)
FN:295,describe
FNF:26
FNH:21
FNDA:6,MakoInstructionUploader
FNDA:6,_get_mako_cfg
FNDA:6,_get_instr_path_prefix
FNDA:6,_get_instance
FNDA:6,_get_manta_client
FNDA:0,_get_collector
FNDA:6,_get_manta_instruction_path
FNDA:6,_format_object_lines
FNDA:44,(anonymous_9)
FNDA:9,_listen_for_instructions
FNDA:6,(anonymous_11)
FNDA:44,(anonymous_12)
FNDA:6,(anonymous_13)
FNDA:44,(anonymous_14)
FNDA:5,_stop_listening_for_instructions
FNDA:9,state_running
FNDA:3,(anonymous_17)
FNDA:0,(anonymous_18)
FNDA:2,(anonymous_19)
FNDA:3,state_paused
FNDA:3,(anonymous_21)
FNDA:0,(anonymous_22)
FNDA:0,(anonymous_23)
FNDA:2,state_shutdown
FNDA:0,(anonymous_25)
FNDA:2,describe
DA:15,11
DA:16,11
DA:17,11
DA:18,11
DA:19,11
DA:20,11
DA:22,11
DA:24,11
DA:27,6
DA:29,6
DA:30,6
DA:31,6
DA:32,6
DA:33,6
DA:35,6
DA:36,6
DA:39,6
DA:41,6
DA:43,11
DA:46,11
DA:49,6
DA:51,6
DA:55,11
DA:58,6
DA:60,6
DA:64,11
DA:67,6
DA:69,6
DA:73,11
DA:76,6
DA:78,6
DA:82,11
DA:85,0
DA:87,0
DA:91,11
DA:94,6
DA:114,6
DA:115,6
DA:116,6
DA:118,6
DA:121,6
DA:126,11
DA:129,6
DA:130,44
DA:135,11
DA:138,9
DA:140,9
DA:141,6
DA:143,6
DA:144,6
DA:145,6
DA:147,6
DA:148,44
DA:149,44
DA:150,44
DA:153,6
DA:158,6
DA:159,6
DA:161,6
DA:162,6
DA:167,6
DA:173,6
DA:174,6
DA:175,0
DA:181,0
DA:184,6
DA:190,6
DA:191,0
DA:196,0
DA:203,6
DA:205,6
DA:206,44
DA:207,24
DA:208,24
DA:212,6
DA:215,6
DA:217,6
DA:225,11
DA:228,5
DA:230,5
DA:234,11
DA:237,9
DA:239,9
DA:241,9
DA:242,3
DA:243,3
DA:246,9
DA:247,0
DA:250,9
DA:251,2
DA:252,2
DA:255,9
DA:259,11
DA:262,3
DA:264,3
DA:266,3
DA:267,3
DA:270,3
DA:271,0
DA:274,3
DA:275,0
DA:278,3
DA:282,11
DA:285,2
DA:286,2
DA:288,2
DA:289,0
DA:295,11
DA:298,2
DA:300,2
DA:305,2
DA:309,11
LF:112
LH:102
BRDA:174,1,0,0
BRDA:174,1,1,6
BRDA:190,2,0,0
BRDA:190,2,1,6
BRDA:206,3,0,24
BRDA:206,3,1,20
BRF:6
BRH:4
end_of_record
TN:
SF:/root/manta-garbage-collector/lib/delete_record_transformer.js
FN:28,DeleteRecordTransformer
FN:73,_get_mako_cfg
FN:81,_get_collector
FN:89,_get_batch_size
FN:97,_get_delay
FN:105,_get_cache_capacity
FN:113,_incr_cache_counts
FN:128,_decr_cache_counts
FN:143,_get_total_cache_entries
FN:156,_process_record
FN:192,(anonymous_11)
FN:195,cache_instruction
FN:233,(anonymous_13)
FN:239,_flush
FN:251,(anonymous_15)
FN:265,flush
FN:267,(anonymous_17)
FN:292,_start_periodic_instr_flush
FN:302,tick
FN:316,(anonymous_20)
FN:331,_stop_periodic_instr_flush
FN:344,_listen_for_records
FN:349,(anonymous_23)
FN:350,(anonymous_24)
FN:361,(anonymous_25)
FN:374,_stop_listening_for_records
FN:383,state_running
FN:391,(anonymous_28)
FN:396,(anonymous_29)
FN:400,(anonymous_30)
FN:410,state_paused
FN:417,(anonymous_32)
FN:420,(anonymous_33)
FN:423,(anonymous_34)
FN:431,state_shutdown
FN:437,(anonymous_36)
FN:443,describe
FNF:37
FNH:32
FNDA:7,DeleteRecordTransformer
FNDA:132,_get_mako_cfg
FNDA:0,_get_collector
FNDA:58,_get_batch_size
FNDA:74,_get_delay
FNDA:58,_get_cache_capacity
FNDA:58,_incr_cache_counts
FNDA:8,_decr_cache_counts
FNDA:58,_get_total_cache_entries
FNDA:38,_process_record
FNDA:58,(anonymous_11)
FNDA:58,cache_instruction
FNDA:29,(anonymous_13)
FNDA:52,_flush
FNDA:30,(anonymous_15)
FNDA:8,flush
FNDA:58,(anonymous_17)
FNDA:10,_start_periodic_instr_flush
FNDA:31,tick
FNDA:23,(anonymous_20)
FNDA:5,_stop_periodic_instr_flush
FNDA:10,_listen_for_records
FNDA:38,(anonymous_23)
FNDA:38,(anonymous_24)
FNDA:29,(anonymous_25)
FNDA:5,_stop_listening_for_records
FNDA:10,state_running
FNDA:3,(anonymous_28)
FNDA:0,(anonymous_29)
FNDA:2,(anonymous_30)
FNDA:3,state_paused
FNDA:3,(anonymous_32)
FNDA:0,(anonymous_33)
FNDA:0,(anonymous_34)
FNDA:2,state_shutdown
FNDA:0,(anonymous_36)
FNDA:2,describe
DA:16,11
DA:17,11
DA:18,11
DA:19,11
DA:20,11
DA:21,11
DA:22,11
DA:23,11
DA:25,11
DA:28,11
DA:31,7
DA:33,7
DA:34,7
DA:35,7
DA:36,7
DA:37,7
DA:38,7
DA:40,7
DA:41,7
DA:44,7
DA:51,7
DA:58,7
DA:64,7
DA:66,7
DA:68,7
DA:70,11
DA:73,11
DA:76,132
DA:77,132
DA:81,11
DA:84,0
DA:85,0
DA:89,11
DA:92,58
DA:93,58
DA:97,11
DA:100,74
DA:101,74
DA:105,11
DA:108,58
DA:109,58
DA:113,11
DA:116,58
DA:118,58
DA:119,58
DA:121,58
DA:122,0
DA:128,11
DA:131,8
DA:133,8
DA:134,8
DA:136,8
DA:137,0
DA:143,11
DA:146,58
DA:147,58
DA:156,11
DA:159,38
DA:161,38
DA:162,38
DA:163,38
DA:165,38
DA:167,38
DA:168,9
DA:169,9
DA:172,29
DA:173,0
DA:175,0
DA:187,29
DA:191,29
DA:193,58
DA:196,58
DA:198,58
DA:201,0
DA:208,0
DA:209,0
DA:212,58
DA:213,8
DA:216,58
DA:217,58
DA:223,58
DA:227,58
DA:229,2
DA:231,58
DA:234,29
DA:239,11
DA:242,52
DA:244,52
DA:245,22
DA:246,22
DA:249,30
DA:251,30
DA:252,30
DA:253,30
DA:255,30
DA:256,30
DA:263,30
DA:266,8
DA:268,58
DA:271,8
DA:272,0
DA:273,0
DA:276,8
DA:281,8
DA:283,8
DA:284,8
DA:286,8
DA:292,11
DA:295,10
DA:297,10
DA:298,0
DA:300,10
DA:302,11
DA:303,31
DA:304,2
DA:307,29
DA:308,6
DA:312,6
DA:313,6
DA:316,23
DA:317,23
DA:318,0
DA:323,23
DA:327,10
DA:331,11
DA:334,5
DA:336,5
DA:337,0
DA:340,5
DA:344,11
DA:347,10
DA:349,10
DA:350,38
DA:351,38
DA:352,0
DA:355,0
DA:357,38
DA:358,9
DA:359,9
DA:361,29
DA:362,29
DA:363,0
DA:374,11
DA:377,5
DA:379,5
DA:383,11
DA:386,10
DA:388,10
DA:389,10
DA:391,10
DA:392,3
DA:393,3
DA:396,10
DA:397,0
DA:400,10
DA:401,2
DA:402,2
DA:403,2
DA:406,10
DA:410,11
DA:412,3
DA:414,3
DA:415,3
DA:417,3
DA:418,3
DA:420,3
DA:421,0
DA:423,3
DA:424,0
DA:427,3
DA:431,11
DA:434,2
DA:435,2
DA:437,2
DA:438,0
DA:443,11
DA:446,2
DA:448,2
DA:454,2
DA:458,11
LF:180
LH:159
BRDA:121,1,0,0
BRDA:121,1,1,58
BRDA:136,2,0,0
BRDA:136,2,1,8
BRDA:167,3,0,9
BRDA:167,3,1,29
BRDA:167,4,0,38
BRDA:167,4,1,38
BRDA:172,5,0,0
BRDA:172,5,1,29
BRDA:172,6,0,29
BRDA:172,6,1,29
BRDA:198,7,0,0
BRDA:198,7,1,58
BRDA:212,8,0,8
BRDA:212,8,1,50
BRDA:216,9,0,58
BRDA:216,9,1,0
BRDA:227,10,0,2
BRDA:227,10,1,56
BRDA:244,11,0,22
BRDA:244,11,1,30
BRDA:252,12,0,30
BRDA:252,12,1,0
BRDA:271,13,0,0
BRDA:271,13,1,8
BRDA:271,14,0,8
BRDA:271,14,1,0
BRDA:297,15,0,0
BRDA:297,15,1,10
BRDA:303,16,0,2
BRDA:303,16,1,29
BRDA:307,17,0,6
BRDA:307,17,1,23
BRDA:317,18,0,0
BRDA:317,18,1,23
BRDA:336,19,0,0
BRDA:336,19,1,5
BRDA:351,20,0,0
BRDA:351,20,1,38
BRDA:357,21,0,9
BRDA:357,21,1,29
BRDA:362,22,0,0
BRDA:362,22,1,29
BRF:44
BRH:31
end_of_record
TN:
SF:/root/manta-garbage-collector/lib/gc_worker.js
FN:20,GCWorker
FN:87,init_moray_cleaner
FN:97,init_mako_uploader
FN:110,init_record_transformer
FN:127,init_moray_delete_record_reader
FN:141,(anonymous_6)
FN:148,shutdown
FN:157,pause
FN:166,resume
FN:175,state_running
FN:185,(anonymous_11)
FN:189,(anonymous_12)
FN:193,(anonymous_13)
FN:200,(anonymous_14)
FN:205,(anonymous_15)
FN:209,(anonymous_16)
FN:217,state_paused
FN:227,(anonymous_18)
FN:231,(anonymous_19)
FN:234,(anonymous_20)
FN:240,(anonymous_21)
FN:245,(anonymous_22)
FN:249,(anonymous_23)
FN:257,state_shutdown
FN:262,(anonymous_25)
FN:269,(anonymous_26)
FN:274,(anonymous_27)
FN:282,(anonymous_28)
FN:293,describe
FN:301,(anonymous_30)
FN:310,create_gc_worker
FNF:31
FNH:27
FNDA:5,GCWorker
FNDA:5,init_moray_cleaner
FNDA:5,init_mako_uploader
FNDA:5,init_record_transformer
FNDA:5,init_moray_delete_record_reader
FNDA:5,(anonymous_6)
FNDA:2,shutdown
FNDA:3,pause
FNDA:3,resume
FNDA:8,state_running
FNDA:3,(anonymous_11)
FNDA:12,(anonymous_12)
FNDA:12,(anonymous_13)
FNDA:3,(anonymous_14)
FNDA:0,(anonymous_15)
FNDA:2,(anonymous_16)
FNDA:3,state_paused
FNDA:3,(anonymous_18)
FNDA:12,(anonymous_19)
FNDA:12,(anonymous_20)
FNDA:3,(anonymous_21)
FNDA:0,(anonymous_22)
FNDA:0,(anonymous_23)
FNDA:2,state_shutdown
FNDA:0,(anonymous_25)
FNDA:8,(anonymous_26)
FNDA:8,(anonymous_27)
FNDA:2,(anonymous_28)
FNDA:2,describe
FNDA:8,(anonymous_30)
FNDA:3,create_gc_worker
DA:11,11
DA:12,11
DA:13,11
DA:14,11
DA:15,11
DA:17,11
DA:20,11
DA:23,5
DA:25,5
DA:26,5
DA:27,5
DA:28,5
DA:29,5
DA:31,5
DA:35,5
DA:36,5
DA:41,5
DA:48,5
DA:55,5
DA:62,5
DA:86,5
DA:88,5
DA:91,5
DA:94,5
DA:95,5
DA:98,5
DA:101,5
DA:103,5
DA:106,5
DA:108,5
DA:112,5
DA:116,5
DA:117,5
DA:119,5
DA:123,5
DA:125,5
DA:128,5
DA:132,5
DA:134,5
DA:137,5
DA:139,5
DA:142,5
DA:145,11
DA:148,11
DA:151,2
DA:153,2
DA:157,11
DA:160,3
DA:162,3
DA:166,11
DA:169,3
DA:171,3
DA:175,11
DA:178,8
DA:180,8
DA:185,8
DA:186,3
DA:187,3
DA:189,3
DA:190,12
DA:191,12
DA:193,12
DA:194,12
DA:197,12
DA:200,3
DA:201,3
DA:205,8
DA:206,0
DA:209,8
DA:210,2
DA:213,8
DA:217,11
DA:220,3
DA:222,3
DA:227,3
DA:228,3
DA:229,3
DA:231,3
DA:232,12
DA:233,12
DA:234,12
DA:235,12
DA:237,12
DA:240,3
DA:241,3
DA:245,3
DA:246,0
DA:249,3
DA:250,0
DA:253,3
DA:257,11
DA:260,2
DA:262,2
DA:263,0
DA:266,2
DA:267,2
DA:269,2
DA:270,8
DA:272,8
DA:274,8
DA:275,8
DA:278,8
DA:282,2
DA:283,2
DA:288,2
DA:293,11
DA:296,2
DA:298,2
DA:302,8
DA:306,2
DA:310,11
DA:311,3
DA:315,11
LF:113
LH:109
BRF:0
BRH:0
end_of_record
TN:
SF:/root/manta-garbage-collector/lib/actors.js
FNF:0
FNH:0
DA:15,11
DA:16,11
DA:17,11
DA:18,11
DA:20,11
LF:5
LH:5
BRF:0
BRH:0
end_of_record
TN:
SF:/root/manta-garbage-collector/lib/gc_manager.js
FN:25,GCManager
FN:47,state_init
FN:52,(anonymous_3)
FN:67,state_running
FN:79,_shard_num_to_domain
FN:90,_delete_global_shard_ctx_fields
FN:99,_is_index_shard
FN:110,setup_shards
FN:152,cleanup_workers_and_ctx
FN:156,(anonymous_10)
FN:159,(anonymous_11)
FN:166,create_or_update_ctx
FN:178,create_workers
FN:182,(anonymous_14)
FN:195,destroy_workers
FN:201,(anonymous_16)
FN:219,_update_shard_ctx_common
FN:229,(anonymous_18)
FN:249,_update_global_shards_ctx
FN:276,_update_single_shard_ctx
FN:301,_create_shard_ctx
FN:308,(anonymous_22)
FN:327,_create_or_update_shard_ctx
FN:339,(anonymous_24)
FN:365,_cleanup_shard_ctx
FN:384,ensure_workers
FN:391,(anonymous_27)
FN:394,(anonymous_28)
FN:405,_ensure_workers_for_shard
FN:418,(anonymous_30)
FN:429,_destroy_workers_for_shard
FN:436,destroy
FN:443,_ensure_workers_for_bucket
FN:456,unresolved
FN:461,create_or_destroy_workers
FN:469,whilst_done
FN:490,_create_worker
FN:524,_destroy_worker
FN:535,(anonymous_39)
FN:546,pause_workers
FN:553,pause
FN:556,(anonymous_42)
FN:565,(anonymous_43)
FN:568,(anonymous_44)
FN:580,resume_workers
FN:587,resume
FN:590,(anonymous_47)
FN:600,(anonymous_48)
FN:603,(anonymous_49)
FN:611,(anonymous_50)
FN:617,get_workers
FN:646,(anonymous_52)
FN:656,get_total_cache_entries
FN:665,create_gc_manager
FNF:54
FNH:46
FNDA:1,GCManager
FNDA:1,state_init
FNDA:1,(anonymous_3)
FNDA:0,state_running
FNDA:6,_shard_num_to_domain
FNDA:10,_delete_global_shard_ctx_fields
FNDA:6,_is_index_shard
FNDA:4,setup_shards
FNDA:0,cleanup_workers_and_ctx
FNDA:0,(anonymous_10)
FNDA:0,(anonymous_11)
FNDA:6,create_or_update_ctx
FNDA:4,create_workers
FNDA:4,(anonymous_14)
FNDA:4,destroy_workers
FNDA:4,(anonymous_16)
FNDA:9,_update_shard_ctx_common
FNDA:7,(anonymous_18)
FNDA:4,_update_global_shards_ctx
FNDA:5,_update_single_shard_ctx
FNDA:1,_create_shard_ctx
FNDA:1,(anonymous_22)
FNDA:6,_create_or_update_shard_ctx
FNDA:1,(anonymous_24)
FNDA:0,_cleanup_shard_ctx
FNDA:4,ensure_workers
FNDA:6,(anonymous_27)
FNDA:4,(anonymous_28)
FNDA:6,_ensure_workers_for_shard
FNDA:6,(anonymous_30)
FNDA:0,_destroy_workers_for_shard
FNDA:0,destroy
FNDA:6,_ensure_workers_for_bucket
FNDA:10,unresolved
FNDA:4,create_or_destroy_workers
FNDA:6,whilst_done
FNDA:3,_create_worker
FNDA:1,_destroy_worker
FNDA:1,(anonymous_39)
FNDA:1,pause_workers
FNDA:2,pause
FNDA:2,(anonymous_42)
FNDA:2,(anonymous_43)
FNDA:2,(anonymous_44)
FNDA:1,resume_workers
FNDA:2,resume
FNDA:2,(anonymous_47)
FNDA:2,(anonymous_48)
FNDA:2,(anonymous_49)
FNDA:1,(anonymous_50)
FNDA:2,get_workers
FNDA:2,(anonymous_52)
FNDA:0,get_total_cache_entries
FNDA:1,create_gc_manager
DA:11,1
DA:12,1
DA:13,1
DA:14,1
DA:15,1
DA:16,1
DA:18,1
DA:20,1
DA:22,1
DA:25,1
DA:28,1
DA:30,1
DA:31,1
DA:32,1
DA:34,1
DA:35,1
DA:37,1
DA:40,1
DA:42,1
DA:44,1
DA:47,1
DA:50,1
DA:52,1
DA:53,1
DA:54,0
DA:61,0
DA:67,1
DA:70,0
DA:72,0
DA:79,1
DA:82,6
DA:84,6
DA:86,6
DA:90,1
DA:93,10
DA:94,10
DA:95,10
DA:99,1
DA:102,6
DA:103,6
DA:105,6
DA:110,1
DA:113,4
DA:115,4
DA:119,4
DA:121,4
DA:122,4
DA:124,4
DA:129,4
DA:130,0
DA:133,0
DA:134,0
DA:137,4
DA:138,6
DA:139,0
DA:141,0
DA:143,6
DA:146,4
DA:147,5
DA:148,0
DA:152,1
DA:153,0
DA:155,0
DA:157,0
DA:160,0
DA:161,0
DA:166,1
DA:167,6
DA:174,6
DA:177,4
DA:179,4
DA:183,4
DA:184,0
DA:185,0
DA:192,4
DA:196,4
DA:202,4
DA:203,0
DA:204,0
DA:206,4
DA:207,4
DA:219,1
DA:222,9
DA:223,2
DA:225,7
DA:226,0
DA:229,7
DA:230,7
DA:232,7
DA:233,7
DA:234,7
DA:236,7
DA:240,0
DA:249,1
DA:252,4
DA:254,4
DA:259,4
DA:261,4
DA:262,2
DA:265,4
DA:266,4
DA:268,4
DA:276,1
DA:279,5
DA:281,5
DA:287,5
DA:290,5
DA:291,5
DA:293,5
DA:301,1
DA:304,1
DA:306,1
DA:310,1
DA:311,1
DA:313,1
DA:316,1
DA:319,1
DA:327,1
DA:330,6
DA:332,6
DA:333,5
DA:334,5
DA:335,5
DA:338,1
DA:340,1
DA:341,0
DA:342,0
DA:344,1
DA:346,1
DA:347,1
DA:349,1
DA:352,1
DA:357,1
DA:365,1
DA:368,0
DA:370,0
DA:372,0
DA:373,0
DA:384,1
DA:387,4
DA:389,4
DA:392,6
DA:395,4
DA:396,0
DA:400,4
DA:405,1
DA:408,6
DA:410,6
DA:412,6
DA:413,2
DA:416,6
DA:419,6
DA:420,6
DA:422,6
DA:429,1
DA:432,0
DA:434,0
DA:437,0
DA:443,1
DA:446,6
DA:448,6
DA:455,6
DA:457,10
DA:462,4
DA:464,3
DA:466,1
DA:470,6
DA:471,0
DA:477,6
DA:490,1
DA:493,3
DA:495,3
DA:500,3
DA:506,3
DA:508,3
DA:509,0
DA:511,3
DA:512,2
DA:514,3
DA:516,3
DA:524,1
DA:527,1
DA:529,1
DA:530,0
DA:531,0
DA:534,1
DA:535,1
DA:536,1
DA:539,1
DA:546,1
DA:549,1
DA:551,1
DA:554,2
DA:555,2
DA:557,2
DA:559,2
DA:560,2
DA:561,0
DA:562,0
DA:565,2
DA:566,2
DA:567,2
DA:568,2
DA:569,2
DA:571,2
DA:574,2
DA:580,1
DA:583,1
DA:585,1
DA:588,2
DA:589,2
DA:591,2
DA:593,2
DA:595,2
DA:596,0
DA:597,0
DA:600,2
DA:601,2
DA:602,2
DA:603,2
DA:604,2
DA:606,2
DA:609,2
DA:612,1
DA:617,1
DA:620,2
DA:622,2
DA:624,2
DA:626,2
DA:627,4
DA:628,4
DA:630,4
DA:631,1
DA:634,3
DA:635,3
DA:637,3
DA:638,1
DA:640,2
DA:641,2
DA:644,2
DA:647,2
DA:652,2
DA:656,1
DA:659,0
DA:661,0
DA:665,1
DA:668,1
DA:669,1
DA:673,1
LF:249
LH:208
BRDA:53,1,0,0
BRDA:53,1,1,1
BRDA:105,2,0,6
BRDA:105,2,1,6
BRDA:122,3,0,4
BRDA:122,3,1,2
BRDA:129,4,0,0
BRDA:129,4,1,4
BRDA:129,5,0,4
BRDA:129,5,1,0
BRDA:138,6,0,0
BRDA:138,6,1,6
BRDA:147,7,0,0
BRDA:147,7,1,5
BRDA:147,8,0,5
BRDA:147,8,1,5
BRDA:183,9,0,0
BRDA:183,9,1,4
BRDA:202,10,0,0
BRDA:202,10,1,4
BRDA:222,11,0,2
BRDA:222,11,1,7
BRDA:225,12,0,0
BRDA:225,12,1,7
BRDA:233,13,0,7
BRDA:233,13,1,0
BRDA:261,14,0,2
BRDA:261,14,1,2
BRDA:332,15,0,5
BRDA:332,15,1,1
BRDA:340,16,0,0
BRDA:340,16,1,1
BRDA:395,17,0,0
BRDA:395,17,1,4
BRDA:412,18,0,2
BRDA:412,18,1,4
BRDA:451,19,0,6
BRDA:451,19,1,3
BRDA:458,20,0,10
BRDA:458,20,1,3
BRDA:462,21,0,3
BRDA:462,21,1,1
BRDA:462,22,0,4
BRDA:462,22,1,2
BRDA:470,23,0,0
BRDA:470,23,1,6
BRDA:508,24,0,0
BRDA:508,24,1,3
BRDA:511,25,0,2
BRDA:511,25,1,1
BRDA:529,26,0,0
BRDA:529,26,1,1
BRDA:529,27,0,1
BRDA:529,27,1,0
BRDA:560,28,0,0
BRDA:560,28,1,2
BRDA:595,29,0,0
BRDA:595,29,1,2
BRDA:630,30,0,1
BRDA:630,30,1,3
BRDA:637,31,0,1
BRDA:637,31,1,2
BRDA:640,32,0,2
BRDA:640,32,1,0
BRF:64
BRH:46
end_of_record
TN:
SF:/root/manta-garbage-collector/lib/common.js
FN:29,create_moray_client
FN:38,(anonymous_2)
FN:50,(anonymous_3)
FN:60,(anonymous_4)
FN:71,(anonymous_5)
FNF:5
FNH:3
FNDA:1,create_moray_client
FNDA:1,(anonymous_2)
FNDA:0,(anonymous_3)
FNDA:1,(anonymous_4)
FNDA:0,(anonymous_5)
DA:15,1
DA:16,1
DA:17,1
DA:18,1
DA:21,1
DA:23,1
DA:29,1
DA:32,1
DA:34,1
DA:35,1
DA:38,1
DA:39,1
DA:44,1
DA:48,1
DA:50,1
DA:51,0
DA:52,0
DA:54,0
DA:56,0
DA:60,1
DA:61,1
DA:62,1
DA:64,1
DA:66,1
DA:68,1
DA:71,1
DA:72,0
DA:73,0
DA:77,0
DA:79,0
DA:83,1
LF:31
LH:23
BRDA:35,1,0,0
BRDA:35,1,1,1
BRF:2
BRH:1
end_of_record
